[0.173s] Invoking command in '/home/dustinhartnett/Documents/GitHub/ENPM702_Group2_Final/final702_ws/build/final_project': CMAKE_PREFIX_PATH=/home/dustinhartnett/Documents/GitHub/ENPM702_Group2_Final/final702_ws/install/mage_msgs:/home/dustinhartnett/Documents/GitHub/ENPM702_Group2_Final/final702_ws/install/final_project:/opt/ros/galactic LD_LIBRARY_PATH=/home/dustinhartnett/Documents/GitHub/ENPM702_Group2_Final/final702_ws/install/mage_msgs/lib:/home/dustinhartnett/Documents/GitHub/ENPM702_Group2_Final/final702_ws/install/final_project/lib:/usr/lib/x86_64-linux-gnu/gazebo-11/plugins:/opt/ros/galactic/opt/yaml_cpp_vendor/lib:/opt/ros/galactic/opt/rviz_ogre_vendor/lib:/opt/ros/galactic/lib/x86_64-linux-gnu:/opt/ros/galactic/lib:/usr/share/gazebo/../../lib/x86_64-linux-gnu/gazebo-11/plugins PYTHONPATH=/home/dustinhartnett/Documents/GitHub/ENPM702_Group2_Final/final702_ws/install/mage_msgs/lib/python3.8/site-packages:/home/dustinhartnett/Documents/GitHub/ENPM702_Group2_Final/final702_ws/install/final_project/lib/python3.8/site-packages:/opt/ros/galactic/lib/python3.8/site-packages /usr/bin/cmake --build /home/dustinhartnett/Documents/GitHub/ENPM702_Group2_Final/final702_ws/build/final_project -- -j20 -l20
[0.225s] [35m[1mScanning dependencies of target reach_target[0m
[0.243s] [  0%] Built target ament_cmake_python_copy_final_project
[0.259s] [ 50%] Built target AriacLogicalCameraPlugin
[0.266s] [ 75%] [32mBuilding CXX object CMakeFiles/reach_target.dir/src/reach_target_client.cpp.o[0m
[0.482s] running install_scripts
[0.484s] running egg_info
[0.485s] writing final_project.egg-info/PKG-INFO
[0.485s] writing dependency_links to final_project.egg-info/dependency_links.txt
[0.485s] writing top-level names to final_project.egg-info/top_level.txt
[0.509s] running egg_info
[0.510s] writing final_project.egg-info/PKG-INFO
[0.510s] writing dependency_links to final_project.egg-info/dependency_links.txt
[0.510s] writing top-level names to final_project.egg-info/top_level.txt
[0.531s] reading manifest file 'final_project.egg-info/SOURCES.txt'
[0.531s] writing manifest file 'final_project.egg-info/SOURCES.txt'
[0.545s] reading manifest file 'final_project.egg-info/SOURCES.txt'
[0.545s] writing manifest file 'final_project.egg-info/SOURCES.txt'
[0.574s] [ 75%] Built target ament_cmake_python_build_final_project_egg
[0.597s] [ 75%] Built target ament_cmake_python_build_final_project_scripts
[2.463s] In file included from [01m[K/home/dustinhartnett/Documents/GitHub/ENPM702_Group2_Final/final702_ws/src/final_project/src/reach_target_client.cpp:5[m[K:
[2.463s] [01m[K/home/dustinhartnett/Documents/GitHub/ENPM702_Group2_Final/final702_ws/src/final_project/include/final_project/reach_target_action.hpp:[m[K In constructor â€˜[01m[KRobotTargetClient::RobotTargetClient(const string&)[m[Kâ€™:
[2.464s] [01m[K/home/dustinhartnett/Documents/GitHub/ENPM702_Group2_Final/final702_ws/src/final_project/include/final_project/reach_target_action.hpp:50:43:[m[K [01;31m[Kerror: [m[Kâ€˜[01m[Kcamera2_callback[m[Kâ€™ is not a member of â€˜[01m[KRobotTargetClient[m[Kâ€™
[2.464s]    50 |             std::bind(&RobotTargetClient::[01;31m[Kcamera2_callback[m[K, this, std::placeholders::_1), sub_option);
[2.464s]       |                                           [01;31m[K^~~~~~~~~~~~~~~~[m[K
[2.464s] [01m[K/home/dustinhartnett/Documents/GitHub/ENPM702_Group2_Final/final702_ws/src/final_project/include/final_project/reach_target_action.hpp:54:43:[m[K [01;31m[Kerror: [m[Kâ€˜[01m[Kcamera3_callback[m[Kâ€™ is not a member of â€˜[01m[KRobotTargetClient[m[Kâ€™
[2.464s]    54 |             std::bind(&RobotTargetClient::[01;31m[Kcamera3_callback[m[K, this, std::placeholders::_1), sub_option);
[2.464s]       |                                           [01;31m[K^~~~~~~~~~~~~~~~[m[K
[2.464s] [01m[K/home/dustinhartnett/Documents/GitHub/ENPM702_Group2_Final/final702_ws/src/final_project/include/final_project/reach_target_action.hpp:58:43:[m[K [01;31m[Kerror: [m[Kâ€˜[01m[Kcamera4_callback[m[Kâ€™ is not a member of â€˜[01m[KRobotTargetClient[m[Kâ€™
[2.464s]    58 |             std::bind(&RobotTargetClient::[01;31m[Kcamera4_callback[m[K, this, std::placeholders::_1), sub_option);
[2.464s]       |                                           [01;31m[K^~~~~~~~~~~~~~~~[m[K
[2.464s] [01m[K/home/dustinhartnett/Documents/GitHub/ENPM702_Group2_Final/final702_ws/src/final_project/include/final_project/reach_target_action.hpp:62:43:[m[K [01;31m[Kerror: [m[Kâ€˜[01m[Kcamera5_callback[m[Kâ€™ is not a member of â€˜[01m[KRobotTargetClient[m[Kâ€™
[2.464s]    62 |             std::bind(&RobotTargetClient::[01;31m[Kcamera5_callback[m[K, this, std::placeholders::_1), sub_option);
[2.464s]       |                                           [01;31m[K^~~~~~~~~~~~~~~~[m[K
[2.511s] [01m[K/home/dustinhartnett/Documents/GitHub/ENPM702_Group2_Final/final702_ws/src/final_project/src/reach_target_client.cpp:[m[K In member function â€˜[01m[Kvoid RobotTargetClient::camera1_callback(mage_msgs::msg::AdvancedLogicalCameraImage_<std::allocator<void> >::SharedPtr)[m[Kâ€™:
[2.512s] [01m[K/home/dustinhartnett/Documents/GitHub/ENPM702_Group2_Final/final702_ws/src/final_project/src/reach_target_client.cpp:54:102:[m[K [01;35m[Kwarning: [m[Kunused parameter â€˜[01m[Kmsg[m[Kâ€™ [[01;35m[K-Wunused-parameter[m[K]
[2.512s]    54 | void RobotTargetClient::camera1_callback([01;35m[Kconst mage_msgs::msg::AdvancedLogicalCameraImage::SharedPtr msg[m[K) {
[2.512s]       |                                          [01;35m[K~~~~~~~~~~~~~~~~~~~~~~~~~~~~~~~~~~~~~~~~~~~~~~~~~~~~~~~~~~~~^~~[m[K
[2.512s] [01m[K/home/dustinhartnett/Documents/GitHub/ENPM702_Group2_Final/final702_ws/src/final_project/src/reach_target_client.cpp:[m[K At global scope:
[2.512s] [01m[K/home/dustinhartnett/Documents/GitHub/ENPM702_Group2_Final/final702_ws/src/final_project/src/reach_target_client.cpp:59:6:[m[K [01;31m[Kerror: [m[Kno declaration matches â€˜[01m[Kvoid RobotTargetClient::camera2_callback(mage_msgs::msg::AdvancedLogicalCameraImage_<std::allocator<void> >::SharedPtr)[m[Kâ€™
[2.512s]    59 | void [01;31m[KRobotTargetClient[m[K::camera2_callback(const mage_msgs::msg::AdvancedLogicalCameraImage::SharedPtr msg) {
[2.512s]       |      [01;31m[K^~~~~~~~~~~~~~~~~[m[K
[2.512s] [01m[K/home/dustinhartnett/Documents/GitHub/ENPM702_Group2_Final/final702_ws/src/final_project/src/reach_target_client.cpp:59:6:[m[K [01;36m[Knote: [m[Kno functions named â€˜[01m[Kvoid RobotTargetClient::camera2_callback(mage_msgs::msg::AdvancedLogicalCameraImage_<std::allocator<void> >::SharedPtr)[m[Kâ€™
[2.512s] In file included from [01m[K/home/dustinhartnett/Documents/GitHub/ENPM702_Group2_Final/final702_ws/src/final_project/src/reach_target_client.cpp:5[m[K:
[2.512s] [01m[K/home/dustinhartnett/Documents/GitHub/ENPM702_Group2_Final/final702_ws/src/final_project/include/final_project/reach_target_action.hpp:12:7:[m[K [01;36m[Knote: [m[Kâ€˜[01m[Kclass RobotTargetClient[m[Kâ€™ defined here
[2.512s]    12 | class [01;36m[KRobotTargetClient[m[K : public rclcpp::Node {
[2.513s]       |       [01;36m[K^~~~~~~~~~~~~~~~~[m[K
[2.513s] [01m[K/home/dustinhartnett/Documents/GitHub/ENPM702_Group2_Final/final702_ws/src/final_project/src/reach_target_client.cpp:64:6:[m[K [01;31m[Kerror: [m[Kno declaration matches â€˜[01m[Kvoid RobotTargetClient::camera3_callback(mage_msgs::msg::AdvancedLogicalCameraImage_<std::allocator<void> >::SharedPtr)[m[Kâ€™
[2.513s]    64 | void [01;31m[KRobotTargetClient[m[K::camera3_callback(const mage_msgs::msg::AdvancedLogicalCameraImage::SharedPtr msg) {
[2.513s]       |      [01;31m[K^~~~~~~~~~~~~~~~~[m[K
[2.513s] [01m[K/home/dustinhartnett/Documents/GitHub/ENPM702_Group2_Final/final702_ws/src/final_project/src/reach_target_client.cpp:64:6:[m[K [01;36m[Knote: [m[Kno functions named â€˜[01m[Kvoid RobotTargetClient::camera3_callback(mage_msgs::msg::AdvancedLogicalCameraImage_<std::allocator<void> >::SharedPtr)[m[Kâ€™
[2.513s] In file included from [01m[K/home/dustinhartnett/Documents/GitHub/ENPM702_Group2_Final/final702_ws/src/final_project/src/reach_target_client.cpp:5[m[K:
[2.513s] [01m[K/home/dustinhartnett/Documents/GitHub/ENPM702_Group2_Final/final702_ws/src/final_project/include/final_project/reach_target_action.hpp:12:7:[m[K [01;36m[Knote: [m[Kâ€˜[01m[Kclass RobotTargetClient[m[Kâ€™ defined here
[2.513s]    12 | class [01;36m[KRobotTargetClient[m[K : public rclcpp::Node {
[2.513s]       |       [01;36m[K^~~~~~~~~~~~~~~~~[m[K
[2.513s] [01m[K/home/dustinhartnett/Documents/GitHub/ENPM702_Group2_Final/final702_ws/src/final_project/src/reach_target_client.cpp:69:6:[m[K [01;31m[Kerror: [m[Kno declaration matches â€˜[01m[Kvoid RobotTargetClient::camera4_callback(mage_msgs::msg::AdvancedLogicalCameraImage_<std::allocator<void> >::SharedPtr)[m[Kâ€™
[2.513s]    69 | void [01;31m[KRobotTargetClient[m[K::camera4_callback(const mage_msgs::msg::AdvancedLogicalCameraImage::SharedPtr msg) {
[2.514s]       |      [01;31m[K^~~~~~~~~~~~~~~~~[m[K
[2.514s] [01m[K/home/dustinhartnett/Documents/GitHub/ENPM702_Group2_Final/final702_ws/src/final_project/src/reach_target_client.cpp:69:6:[m[K [01;36m[Knote: [m[Kno functions named â€˜[01m[Kvoid RobotTargetClient::camera4_callback(mage_msgs::msg::AdvancedLogicalCameraImage_<std::allocator<void> >::SharedPtr)[m[Kâ€™
[2.514s] In file included from [01m[K/home/dustinhartnett/Documents/GitHub/ENPM702_Group2_Final/final702_ws/src/final_project/src/reach_target_client.cpp:5[m[K:
[2.514s] [01m[K/home/dustinhartnett/Documents/GitHub/ENPM702_Group2_Final/final702_ws/src/final_project/include/final_project/reach_target_action.hpp:12:7:[m[K [01;36m[Knote: [m[Kâ€˜[01m[Kclass RobotTargetClient[m[Kâ€™ defined here
[2.514s]    12 | class [01;36m[KRobotTargetClient[m[K : public rclcpp::Node {
[2.514s]       |       [01;36m[K^~~~~~~~~~~~~~~~~[m[K
[2.514s] [01m[K/home/dustinhartnett/Documents/GitHub/ENPM702_Group2_Final/final702_ws/src/final_project/src/reach_target_client.cpp:74:6:[m[K [01;31m[Kerror: [m[Kno declaration matches â€˜[01m[Kvoid RobotTargetClient::camera5_callback(mage_msgs::msg::AdvancedLogicalCameraImage_<std::allocator<void> >::SharedPtr)[m[Kâ€™
[2.514s]    74 | void [01;31m[KRobotTargetClient[m[K::camera5_callback(const mage_msgs::msg::AdvancedLogicalCameraImage::SharedPtr msg) {
[2.514s]       |      [01;31m[K^~~~~~~~~~~~~~~~~[m[K
[2.514s] [01m[K/home/dustinhartnett/Documents/GitHub/ENPM702_Group2_Final/final702_ws/src/final_project/src/reach_target_client.cpp:74:6:[m[K [01;36m[Knote: [m[Kno functions named â€˜[01m[Kvoid RobotTargetClient::camera5_callback(mage_msgs::msg::AdvancedLogicalCameraImage_<std::allocator<void> >::SharedPtr)[m[Kâ€™
[2.514s] In file included from [01m[K/home/dustinhartnett/Documents/GitHub/ENPM702_Group2_Final/final702_ws/src/final_project/src/reach_target_client.cpp:5[m[K:
[2.514s] [01m[K/home/dustinhartnett/Documents/GitHub/ENPM702_Group2_Final/final702_ws/src/final_project/include/final_project/reach_target_action.hpp:12:7:[m[K [01;36m[Knote: [m[Kâ€˜[01m[Kclass RobotTargetClient[m[Kâ€™ defined here
[2.515s]    12 | class [01;36m[KRobotTargetClient[m[K : public rclcpp::Node {
[2.515s]       |       [01;36m[K^~~~~~~~~~~~~~~~~[m[K
[5.741s] make[2]: *** [CMakeFiles/reach_target.dir/build.make:63: CMakeFiles/reach_target.dir/src/reach_target_client.cpp.o] Error 1
[5.741s] make[1]: *** [CMakeFiles/Makefile2:112: CMakeFiles/reach_target.dir/all] Error 2
[5.742s] make: *** [Makefile:141: all] Error 2
[5.744s] Invoked command in '/home/dustinhartnett/Documents/GitHub/ENPM702_Group2_Final/final702_ws/build/final_project' returned '2': CMAKE_PREFIX_PATH=/home/dustinhartnett/Documents/GitHub/ENPM702_Group2_Final/final702_ws/install/mage_msgs:/home/dustinhartnett/Documents/GitHub/ENPM702_Group2_Final/final702_ws/install/final_project:/opt/ros/galactic LD_LIBRARY_PATH=/home/dustinhartnett/Documents/GitHub/ENPM702_Group2_Final/final702_ws/install/mage_msgs/lib:/home/dustinhartnett/Documents/GitHub/ENPM702_Group2_Final/final702_ws/install/final_project/lib:/usr/lib/x86_64-linux-gnu/gazebo-11/plugins:/opt/ros/galactic/opt/yaml_cpp_vendor/lib:/opt/ros/galactic/opt/rviz_ogre_vendor/lib:/opt/ros/galactic/lib/x86_64-linux-gnu:/opt/ros/galactic/lib:/usr/share/gazebo/../../lib/x86_64-linux-gnu/gazebo-11/plugins PYTHONPATH=/home/dustinhartnett/Documents/GitHub/ENPM702_Group2_Final/final702_ws/install/mage_msgs/lib/python3.8/site-packages:/home/dustinhartnett/Documents/GitHub/ENPM702_Group2_Final/final702_ws/install/final_project/lib/python3.8/site-packages:/opt/ros/galactic/lib/python3.8/site-packages /usr/bin/cmake --build /home/dustinhartnett/Documents/GitHub/ENPM702_Group2_Final/final702_ws/build/final_project -- -j20 -l20
